{"level":"error","ts":"2023-07-18T18:41:05.275+0800","msg":"token not exist","func":"searchEvidence.readMessages","file":"/home/angel/edetector_API/api/searchEvidence/webSocket.go","line":74}
{"level":"error","ts":"2023-07-18T18:41:14.289+0800","msg":"token not exist","func":"searchEvidence.readMessages","file":"/home/angel/edetector_API/api/searchEvidence/webSocket.go","line":74}
{"level":"error","ts":"2023-07-18T18:41:15.935+0800","msg":"token not exist","func":"searchEvidence.readMessages","file":"/home/angel/edetector_API/api/searchEvidence/webSocket.go","line":74}
{"level":"error","ts":"2023-07-18T18:41:16.868+0800","msg":"token not exist","func":"searchEvidence.readMessages","file":"/home/angel/edetector_API/api/searchEvidence/webSocket.go","line":74}
{"level":"error","ts":"2023-07-18T18:42:46.612+0800","msg":"token not exist","func":"searchEvidence.readMessages","file":"/home/angel/edetector_API/api/searchEvidence/webSocket.go","line":74}
{"level":"error","ts":"2023-07-18T18:43:08.516+0800","msg":"token not exist","func":"searchEvidence.readMessages","file":"/home/angel/edetector_API/api/searchEvidence/webSocket.go","line":74}
{"level":"error","ts":"2023-07-18T18:43:10.712+0800","msg":"token not exist","func":"searchEvidence.readMessages","file":"/home/angel/edetector_API/api/searchEvidence/webSocket.go","line":74}
{"level":"error","ts":"2023-07-18T18:43:18.135+0800","msg":"token not exist","func":"searchEvidence.readMessages","file":"/home/angel/edetector_API/api/searchEvidence/webSocket.go","line":74}
{"level":"error","ts":"2023-07-18T18:43:30.133+0800","msg":"token not exist","func":"searchEvidence.readMessages","file":"/home/angel/edetector_API/api/searchEvidence/webSocket.go","line":74}
{"level":"error","ts":"2023-07-18T18:43:31.567+0800","msg":"token not exist","func":"searchEvidence.readMessages","file":"/home/angel/edetector_API/api/searchEvidence/webSocket.go","line":74}
{"level":"error","ts":"2023-07-18T18:43:35.289+0800","msg":"token not exist","func":"searchEvidence.readMessages","file":"/home/angel/edetector_API/api/searchEvidence/webSocket.go","line":74}
{"level":"error","ts":"2023-07-18T18:43:41.715+0800","msg":"token not exist","func":"searchEvidence.readMessages","file":"/home/angel/edetector_API/api/searchEvidence/webSocket.go","line":74}
{"level":"error","ts":"2023-07-18T18:43:46.000+0800","msg":"token not exist","func":"searchEvidence.readMessages","file":"/home/angel/edetector_API/api/searchEvidence/webSocket.go","line":74}
{"level":"error","ts":"2023-07-18T18:44:32.538+0800","msg":"Error verifying token: token not exist","func":"Error.Handler","file":"/home/angel/edetector_API/internal/Error/Error.go","line":14}
{"level":"error","ts":"2023-07-18T18:44:32.562+0800","msg":"token not exist","func":"searchEvidence.readMessages","file":"/home/angel/edetector_API/api/searchEvidence/webSocket.go","line":74}
{"level":"error","ts":"2023-07-18T18:46:21.145+0800","msg":"Invalid request format: invalid character 'a' looking for beginning of value","func":"Error.Handler","file":"/home/angel/edetector_API/internal/Error/Error.go","line":14}
{"level":"error","ts":"2023-07-18T18:46:21.454+0800","msg":"Invalid request format: invalid character 'a' looking for beginning of value","func":"Error.Handler","file":"/home/angel/edetector_API/internal/Error/Error.go","line":14}
{"level":"error","ts":"2023-07-18T18:46:21.738+0800","msg":"Invalid request format: invalid character 'a' looking for beginning of value","func":"Error.Handler","file":"/home/angel/edetector_API/internal/Error/Error.go","line":14}
{"level":"error","ts":"2023-07-18T18:46:22.075+0800","msg":"Invalid request format: invalid character 'a' looking for beginning of value","func":"Error.Handler","file":"/home/angel/edetector_API/internal/Error/Error.go","line":14}
{"level":"error","ts":"2023-07-18T18:46:22.376+0800","msg":"Invalid request format: invalid character 'a' looking for beginning of value","func":"Error.Handler","file":"/home/angel/edetector_API/internal/Error/Error.go","line":14}
{"level":"error","ts":"2023-07-18T18:46:22.687+0800","msg":"Invalid request format: invalid character 'a' looking for beginning of value","func":"Error.Handler","file":"/home/angel/edetector_API/internal/Error/Error.go","line":14}
{"level":"error","ts":"2023-07-18T18:46:22.952+0800","msg":"Invalid request format: invalid character 'a' looking for beginning of value","func":"Error.Handler","file":"/home/angel/edetector_API/internal/Error/Error.go","line":14}
{"level":"error","ts":"2023-07-18T18:46:23.225+0800","msg":"Invalid request format: invalid character 'a' looking for beginning of value","func":"Error.Handler","file":"/home/angel/edetector_API/internal/Error/Error.go","line":14}
{"level":"error","ts":"2023-07-18T18:46:23.490+0800","msg":"Invalid request format: invalid character 'a' looking for beginning of value","func":"Error.Handler","file":"/home/angel/edetector_API/internal/Error/Error.go","line":14}
{"level":"error","ts":"2023-07-18T18:46:23.773+0800","msg":"Invalid request format: invalid character 'a' looking for beginning of value","func":"Error.Handler","file":"/home/angel/edetector_API/internal/Error/Error.go","line":14}
{"level":"error","ts":"2023-07-18T18:46:24.062+0800","msg":"Invalid request format: invalid character 'a' looking for beginning of value","func":"Error.Handler","file":"/home/angel/edetector_API/internal/Error/Error.go","line":14}
{"level":"error","ts":"2023-07-18T18:46:24.388+0800","msg":"Invalid request format: invalid character 'a' looking for beginning of value","func":"Error.Handler","file":"/home/angel/edetector_API/internal/Error/Error.go","line":14}
{"level":"error","ts":"2023-07-18T18:46:24.655+0800","msg":"Invalid request format: invalid character 'a' looking for beginning of value","func":"Error.Handler","file":"/home/angel/edetector_API/internal/Error/Error.go","line":14}
{"level":"error","ts":"2023-07-18T18:46:24.925+0800","msg":"Invalid request format: invalid character 'a' looking for beginning of value","func":"Error.Handler","file":"/home/angel/edetector_API/internal/Error/Error.go","line":14}
{"level":"error","ts":"2023-07-18T18:46:25.236+0800","msg":"Invalid request format: invalid character 'a' looking for beginning of value","func":"Error.Handler","file":"/home/angel/edetector_API/internal/Error/Error.go","line":14}
{"level":"error","ts":"2023-07-18T18:46:25.520+0800","msg":"Invalid request format: invalid character 'a' looking for beginning of value","func":"Error.Handler","file":"/home/angel/edetector_API/internal/Error/Error.go","line":14}
{"level":"error","ts":"2023-07-18T18:46:25.847+0800","msg":"Invalid request format: invalid character 'a' looking for beginning of value","func":"Error.Handler","file":"/home/angel/edetector_API/internal/Error/Error.go","line":14}
{"level":"error","ts":"2023-07-18T18:46:26.375+0800","msg":"Invalid request format: invalid character 'a' looking for beginning of value","func":"Error.Handler","file":"/home/angel/edetector_API/internal/Error/Error.go","line":14}
{"level":"error","ts":"2023-07-18T18:47:48.647+0800","msg":"websocket: close 1001 (going away)","func":"searchEvidence.readMessages","file":"/home/angel/edetector_API/api/searchEvidence/webSocket.go","line":59}
{"level":"error","ts":"2023-07-18T18:48:10.958+0800","msg":"websocket: close 1001 (going away)","func":"searchEvidence.readMessages","file":"/home/angel/edetector_API/api/searchEvidence/webSocket.go","line":59}
{"level":"error","ts":"2023-07-18T18:50:18.949+0800","msg":"websocket: close 1001 (going away)","func":"searchEvidence.readMessages","file":"/home/angel/edetector_API/api/searchEvidence/webSocket.go","line":59}
{"level":"error","ts":"2023-07-18T18:50:25.212+0800","msg":"Invalid request format: invalid character 'a' looking for beginning of value","func":"Error.Handler","file":"/home/angel/edetector_API/internal/Error/Error.go","line":14}
{"level":"error","ts":"2023-07-18T18:50:26.078+0800","msg":"Invalid request format: invalid character 'a' looking for beginning of value","func":"Error.Handler","file":"/home/angel/edetector_API/internal/Error/Error.go","line":14}
{"level":"error","ts":"2023-07-18T18:50:26.567+0800","msg":"Invalid request format: invalid character 'a' looking for beginning of value","func":"Error.Handler","file":"/home/angel/edetector_API/internal/Error/Error.go","line":14}
{"level":"error","ts":"2023-07-18T18:50:27.414+0800","msg":"Invalid request format: invalid character 'a' looking for beginning of value","func":"Error.Handler","file":"/home/angel/edetector_API/internal/Error/Error.go","line":14}
{"level":"error","ts":"2023-07-18T18:50:27.959+0800","msg":"Invalid request format: invalid character 'a' looking for beginning of value","func":"Error.Handler","file":"/home/angel/edetector_API/internal/Error/Error.go","line":14}
{"level":"error","ts":"2023-07-18T18:50:28.490+0800","msg":"Invalid request format: invalid character 'a' looking for beginning of value","func":"Error.Handler","file":"/home/angel/edetector_API/internal/Error/Error.go","line":14}
{"level":"error","ts":"2023-07-18T18:50:29.096+0800","msg":"Invalid request format: invalid character 'a' looking for beginning of value","func":"Error.Handler","file":"/home/angel/edetector_API/internal/Error/Error.go","line":14}
{"level":"error","ts":"2023-07-18T18:50:29.879+0800","msg":"Invalid request format: invalid character 'a' looking for beginning of value","func":"Error.Handler","file":"/home/angel/edetector_API/internal/Error/Error.go","line":14}
{"level":"error","ts":"2023-07-18T18:50:30.409+0800","msg":"Invalid request format: invalid character 'a' looking for beginning of value","func":"Error.Handler","file":"/home/angel/edetector_API/internal/Error/Error.go","line":14}
{"level":"error","ts":"2023-07-18T18:50:30.971+0800","msg":"Invalid request format: invalid character 'a' looking for beginning of value","func":"Error.Handler","file":"/home/angel/edetector_API/internal/Error/Error.go","line":14}
{"level":"error","ts":"2023-07-18T18:50:31.505+0800","msg":"Invalid request format: invalid character 'a' looking for beginning of value","func":"Error.Handler","file":"/home/angel/edetector_API/internal/Error/Error.go","line":14}
{"level":"error","ts":"2023-07-18T18:50:32.046+0800","msg":"Invalid request format: invalid character 'a' looking for beginning of value","func":"Error.Handler","file":"/home/angel/edetector_API/internal/Error/Error.go","line":14}
{"level":"error","ts":"2023-07-18T18:50:32.561+0800","msg":"Invalid request format: invalid character 'a' looking for beginning of value","func":"Error.Handler","file":"/home/angel/edetector_API/internal/Error/Error.go","line":14}
{"level":"error","ts":"2023-07-18T18:50:33.318+0800","msg":"Invalid request format: invalid character 'a' looking for beginning of value","func":"Error.Handler","file":"/home/angel/edetector_API/internal/Error/Error.go","line":14}
{"level":"error","ts":"2023-07-18T18:50:33.982+0800","msg":"Invalid request format: invalid character 'a' looking for beginning of value","func":"Error.Handler","file":"/home/angel/edetector_API/internal/Error/Error.go","line":14}
{"level":"error","ts":"2023-07-18T18:50:34.541+0800","msg":"Invalid request format: invalid character 'a' looking for beginning of value","func":"Error.Handler","file":"/home/angel/edetector_API/internal/Error/Error.go","line":14}
{"level":"error","ts":"2023-07-18T18:50:35.202+0800","msg":"Invalid request format: invalid character 'a' looking for beginning of value","func":"Error.Handler","file":"/home/angel/edetector_API/internal/Error/Error.go","line":14}
{"level":"error","ts":"2023-07-18T18:50:35.821+0800","msg":"Invalid request format: invalid character 'a' looking for beginning of value","func":"Error.Handler","file":"/home/angel/edetector_API/internal/Error/Error.go","line":14}
{"level":"error","ts":"2023-07-18T18:50:36.369+0800","msg":"Invalid request format: invalid character 'a' looking for beginning of value","func":"Error.Handler","file":"/home/angel/edetector_API/internal/Error/Error.go","line":14}
{"level":"error","ts":"2023-07-18T18:50:36.945+0800","msg":"Invalid request format: invalid character 'a' looking for beginning of value","func":"Error.Handler","file":"/home/angel/edetector_API/internal/Error/Error.go","line":14}
{"level":"error","ts":"2023-07-18T18:50:37.465+0800","msg":"Invalid request format: invalid character 'a' looking for beginning of value","func":"Error.Handler","file":"/home/angel/edetector_API/internal/Error/Error.go","line":14}
{"level":"error","ts":"2023-07-18T18:50:38.065+0800","msg":"Invalid request format: invalid character 'a' looking for beginning of value","func":"Error.Handler","file":"/home/angel/edetector_API/internal/Error/Error.go","line":14}
{"level":"error","ts":"2023-07-18T18:50:38.547+0800","msg":"Invalid request format: invalid character 'a' looking for beginning of value","func":"Error.Handler","file":"/home/angel/edetector_API/internal/Error/Error.go","line":14}
{"level":"error","ts":"2023-07-18T18:50:39.213+0800","msg":"Invalid request format: invalid character 'a' looking for beginning of value","func":"Error.Handler","file":"/home/angel/edetector_API/internal/Error/Error.go","line":14}
{"level":"error","ts":"2023-07-18T18:50:57.327+0800","msg":"websocket: close 1001 (going away)","func":"searchEvidence.readMessages","file":"/home/angel/edetector_API/api/searchEvidence/webSocket.go","line":59}
{"level":"error","ts":"2023-07-18T18:51:04.462+0800","msg":"websocket: close 1001 (going away)","func":"searchEvidence.readMessages","file":"/home/angel/edetector_API/api/searchEvidence/webSocket.go","line":59}
{"level":"error","ts":"2023-07-18T18:54:22.684+0800","msg":"Error loading raw device data: sql: no rows in result set","func":"Error.Handler","file":"/home/angel/edetector_API/internal/Error/Error.go","line":14}
{"level":"error","ts":"2023-07-18T18:54:23.756+0800","msg":"Error loading raw device data: sql: no rows in result set","func":"Error.Handler","file":"/home/angel/edetector_API/internal/Error/Error.go","line":14}
{"level":"error","ts":"2023-07-18T18:54:25.782+0800","msg":"Error loading raw device data: sql: no rows in result set","func":"Error.Handler","file":"/home/angel/edetector_API/internal/Error/Error.go","line":14}
{"level":"error","ts":"2023-07-18T18:54:29.832+0800","msg":"Error loading raw device data: sql: no rows in result set","func":"Error.Handler","file":"/home/angel/edetector_API/internal/Error/Error.go","line":14}
{"level":"error","ts":"2023-07-18T18:54:34.065+0800","msg":"websocket: close 1001 (going away)","func":"searchEvidence.readMessages","file":"/home/angel/edetector_API/api/searchEvidence/webSocket.go","line":59}
{"level":"error","ts":"2023-07-18T19:04:44.406+0800","msg":"websocket: close 1006 (abnormal closure): unexpected EOF","func":"searchEvidence.readMessages","file":"/home/angel/edetector_API/api/searchEvidence/webSocket.go","line":59}
